<?xml version="1.0" encoding="UTF-8"?>
<!-- Generated by org.testng.reporters.JUnitReportReporter -->
<testsuite hostname="target71" name="unitTest.RandomTest" tests="1" failures="0" timestamp="6 Apr 2011 02:49:56 GMT" time="0.016" errors="0">
  <testcase name="test" time="0.016" classname="unitTest.RandomTest"/>
</testsuite>
