<?xml version="1.0" encoding="UTF-8"?>
<!-- Generated by org.testng.reporters.JUnitReportReporter -->
<testsuite hostname="target71" name="support.GlobalParameter" tests="1" failures="0" timestamp="28 Apr 2011 13:20:23 GMT" time="0.047" errors="0">
  <testcase name="testPath" time="0.047" classname="support.GlobalParameter"/>
</testsuite>
