<?xml version="1.0" encoding="UTF-8"?>
<!-- Generated by org.testng.reporters.JUnitReportReporter -->
<testsuite hostname="target71" name="unitTest.XmlDocTest" tests="1" failures="0" timestamp="12 Apr 2011 11:36:58 GMT" time="37.422" errors="0">
  <testcase name="test" time="37.422" classname="unitTest.XmlDocTest"/>
</testsuite>
