<?xml version="1.0" encoding="UTF-8"?>
<!-- Generated by org.testng.reporters.JUnitReportReporter -->
<testsuite hostname="target71" name="business.managers.ServiceManager" tests="1" failures="0" timestamp="16 Apr 2011 02:59:13 GMT" time="86.531" errors="0">
  <testcase name="testServiceIndexXml" time="86.531" classname="business.managers.ServiceManager"/>
</testsuite>
