<?xml version="1.0" encoding="UTF-8"?>
<!-- Generated by org.testng.reporters.JUnitReportReporter -->
<testsuite hostname="target71" name="util.ServiceDetailConvertor" tests="1" failures="0" timestamp="11 Apr 2011 01:42:51 GMT" time="0.187" errors="0">
  <testcase name="test" time="0.187" classname="util.ServiceDetailConvertor"/>
</testsuite>
